<?xml version="1.0" encoding="UTF-8"?>
<!-- Generated by org.testng.reporters.JUnitXMLReporter -->
<testsuite ignored="0" hostname="QT-INBG-LT2007" failures="1" tests="2" name="ErrorValidation Test" time="17.571" errors="0" timestamp="2022-10-18T18:24:45 IST">
  <testcase classname="HybridFramework.SeleniumFrameworkDesign.ErrorValidation" name="LoginErrorValidationTest" time="0.697">
    <failure type="java.lang.AssertionError" message="expected [Incorrect email  password.] but found [Incorrect email or password.]">
      <![CDATA[java.lang.AssertionError: expected [Incorrect email  password.] but found [Incorrect email or password.]
at HybridFramework.SeleniumFrameworkDesign.ErrorValidation.LoginErrorValidationTest(ErrorValidation.java:19)
at java.base/java.util.ArrayList.forEach(ArrayList.java:1511)
at java.base/java.util.concurrent.FutureTask.run(FutureTask.java:264)
at java.base/java.util.concurrent.ThreadPoolExecutor.runWorker(ThreadPoolExecutor.java:1136)
at java.base/java.util.concurrent.ThreadPoolExecutor$Worker.run(ThreadPoolExecutor.java:635)
at java.base/java.lang.Thread.run(Thread.java:833)
... Removed 23 stack frames]]>
    </failure>
  </testcase> <!-- LoginErrorValidationTest -->
  <testcase classname="HybridFramework.SeleniumFrameworkDesign.ErrorValidation" name="ProductValidationCheck" time="8.692"/>
</testsuite> <!-- ErrorValidation Test -->
